<?xml version="1.0" encoding="UTF-8"?>
<testng-results skipped="0" failed="0" ignored="0" total="1" passed="1">
  <reporter-output>
  </reporter-output>
  <suite name="Default suite" duration-ms="45460" started-at="2020-04-24T07:19:58Z" finished-at="2020-04-24T07:20:43Z">
    <groups>
    </groups>
    <test name="Default test" duration-ms="45460" started-at="2020-04-24T07:19:58Z" finished-at="2020-04-24T07:20:43Z">
      <class name="scenario.AlertProgram">
        <test-method status="PASS" signature="f()[pri:0, instance:scenario.AlertProgram@1ee9faa]" name="f" duration-ms="45374" started-at="2020-04-24T07:19:58Z" finished-at="2020-04-24T07:20:43Z">
          <reporter-output>
          </reporter-output>
        </test-method> <!-- f -->
      </class> <!-- scenario.AlertProgram -->
    </test> <!-- Default test -->
  </suite> <!-- Default suite -->
</testng-results>
